<?xml version="1.0" encoding="UTF-8"?>
<testsuite name="com.HamzaLambara.calculator.CalculatorTest" tests="1" skipped="0" failures="0" errors="0" timestamp="2023-12-08T08:38:02" hostname="narjis" time="0.016">
  <properties/>
  <testcase name="testSum()" classname="com.HamzaLambara.calculator.CalculatorTest" time="0.016"/>
  <system-out><![CDATA[]]></system-out>
  <system-err><![CDATA[]]></system-err>
</testsuite>
