<?xml version="1.0" encoding="UTF-8"?>
<testsuite name="com.dahbi.calculator.CalculatorApplicationTests" tests="1" skipped="0" failures="0" errors="0" timestamp="2023-12-01T10:03:07" hostname="narjis" time="2.257">
  <properties/>
  <testcase name="contextLoads()" classname="com.dahbi.calculator.CalculatorApplicationTests" time="2.257"/>
  <system-out><![CDATA[05:03:01.295 [Test worker] INFO org.springframework.test.context.support.AnnotationConfigContextLoaderUtils -- Could not detect default configuration classes for test class [com.dahbi.calculator.CalculatorApplicationTests]: CalculatorApplicationTests does not declare any static, non-private, non-final, nested classes annotated with @Configuration.
05:03:01.693 [Test worker] INFO org.springframework.boot.test.context.SpringBootTestContextBootstrapper -- Found @SpringBootConfiguration com.dahbi.calculator.CalculatorApplication for test class com.dahbi.calculator.CalculatorApplicationTests

  .   ____          _            __ _ _
 /\\ / ___'_ __ _ _(_)_ __  __ _ \ \ \ \
( ( )\___ | '_ | '_| | '_ \/ _` | \ \ \ \
 \\/  ___)| |_)| | | | | || (_| |  ) ) ) )
  '  |____| .__|_| |_|_| |_\__, | / / / /
 =========|_|==============|___/=/_/_/_/
 :: Spring Boot ::                (v3.2.0)

2023-12-01T05:03:03.108-05:00  INFO 16530 --- [    Test worker] c.d.c.CalculatorApplicationTests         : Starting CalculatorApplicationTests using Java 17.0.8.1 with PID 16530 (started by narjis in /home/narjis/calculator)
2023-12-01T05:03:03.121-05:00  INFO 16530 --- [    Test worker] c.d.c.CalculatorApplicationTests         : No active profile set, falling back to 1 default profile: "default"
2023-12-01T05:03:07.281-05:00  INFO 16530 --- [    Test worker] c.d.c.CalculatorApplicationTests         : Started CalculatorApplicationTests in 5.179 seconds (process running for 9.821)
]]></system-out>
  <system-err><![CDATA[]]></system-err>
</testsuite>
