<?xml version="1.0" encoding="UTF-8"?>
<testsuite name="com.dahbi.calculator.CalculatorTest" tests="1" skipped="0" failures="0" errors="0" timestamp="2023-12-01T10:03:09" hostname="narjis" time="0.013">
  <properties/>
  <testcase name="testSum()" classname="com.dahbi.calculator.CalculatorTest" time="0.013"/>
  <system-out><![CDATA[]]></system-out>
  <system-err><![CDATA[]]></system-err>
</testsuite>
